mode: set
_/home/gsw/Documents/school/summer20/devops/uno/server/routeHandlers.go:12.32,19.2 6 1
_/home/gsw/Documents/school/summer20/devops/uno/server/routeHandlers.go:21.36,23.2 1 1
_/home/gsw/Documents/school/summer20/devops/uno/server/routeHandlers.go:25.34,27.2 1 0
_/home/gsw/Documents/school/summer20/devops/uno/server/routeHandlers.go:29.38,32.2 2 0
_/home/gsw/Documents/school/summer20/devops/uno/server/routeHandlers.go:34.35,36.2 1 0
_/home/gsw/Documents/school/summer20/devops/uno/server/routeHandlers.go:38.33,42.2 2 0
_/home/gsw/Documents/school/summer20/devops/uno/server/routeHandlers.go:44.33,46.2 1 0
_/home/gsw/Documents/school/summer20/devops/uno/server/uno.go:25.58,30.16 3 0
_/home/gsw/Documents/school/summer20/devops/uno/server/uno.go:35.2,35.15 1 0
_/home/gsw/Documents/school/summer20/devops/uno/server/uno.go:30.16,32.3 1 0
_/home/gsw/Documents/school/summer20/devops/uno/server/uno.go:41.30,42.11 1 0
_/home/gsw/Documents/school/summer20/devops/uno/server/uno.go:52.2,52.11 1 0
_/home/gsw/Documents/school/summer20/devops/uno/server/uno.go:43.9,44.15 1 0
_/home/gsw/Documents/school/summer20/devops/uno/server/uno.go:45.9,46.16 1 0
_/home/gsw/Documents/school/summer20/devops/uno/server/uno.go:47.9,48.17 1 0
_/home/gsw/Documents/school/summer20/devops/uno/server/uno.go:49.9,50.18 1 0
_/home/gsw/Documents/school/summer20/devops/uno/server/uno.go:70.29,72.2 1 0
_/home/gsw/Documents/school/summer20/devops/uno/server/uno.go:74.53,86.2 8 1
_/home/gsw/Documents/school/summer20/devops/uno/server/uno.go:88.30,90.2 1 0
_/home/gsw/Documents/school/summer20/devops/uno/server/uno.go:92.53,93.27 1 0
_/home/gsw/Documents/school/summer20/devops/uno/server/uno.go:98.2,98.18 1 0
_/home/gsw/Documents/school/summer20/devops/uno/server/uno.go:93.27,94.18 1 0
_/home/gsw/Documents/school/summer20/devops/uno/server/uno.go:94.18,96.4 1 0
_/home/gsw/Documents/school/summer20/devops/uno/server/uno.go:104.43,106.64 2 0
_/home/gsw/Documents/school/summer20/devops/uno/server/uno.go:109.2,109.30 1 0
_/home/gsw/Documents/school/summer20/devops/uno/server/uno.go:106.64,108.3 1 0
_/home/gsw/Documents/school/summer20/devops/uno/server/uno.go:112.46,129.2 2 1
_/home/gsw/Documents/school/summer20/devops/uno/server/uno.go:131.41,147.30 1 0
_/home/gsw/Documents/school/summer20/devops/uno/server/uno.go:155.2,155.30 1 0
_/home/gsw/Documents/school/summer20/devops/uno/server/uno.go:147.30,149.50 2 0
_/home/gsw/Documents/school/summer20/devops/uno/server/uno.go:153.3,153.58 1 0
_/home/gsw/Documents/school/summer20/devops/uno/server/uno.go:149.50,152.4 2 0
_/home/gsw/Documents/school/summer20/devops/uno/server/uno.go:158.52,159.67 1 0
_/home/gsw/Documents/school/summer20/devops/uno/server/uno.go:176.2,176.30 1 0
_/home/gsw/Documents/school/summer20/devops/uno/server/uno.go:159.67,160.75 1 0
_/home/gsw/Documents/school/summer20/devops/uno/server/uno.go:173.3,173.58 1 0
_/home/gsw/Documents/school/summer20/devops/uno/server/uno.go:160.75,166.59 4 0
_/home/gsw/Documents/school/summer20/devops/uno/server/uno.go:166.59,167.28 1 0
_/home/gsw/Documents/school/summer20/devops/uno/server/uno.go:167.28,169.11 2 0
_/home/gsw/Documents/school/summer20/devops/uno/server/uno.go:180.41,181.67 1 0
_/home/gsw/Documents/school/summer20/devops/uno/server/uno.go:187.2,187.30 1 0
_/home/gsw/Documents/school/summer20/devops/uno/server/uno.go:181.67,186.3 4 0
_/home/gsw/Documents/school/summer20/devops/uno/server/uno.go:191.18,197.25 3 0
_/home/gsw/Documents/school/summer20/devops/uno/server/uno.go:205.2,205.28 1 0
_/home/gsw/Documents/school/summer20/devops/uno/server/uno.go:197.25,199.26 2 0
_/home/gsw/Documents/school/summer20/devops/uno/server/uno.go:202.3,202.31 1 0
_/home/gsw/Documents/school/summer20/devops/uno/server/uno.go:199.26,201.4 1 0
_/home/gsw/Documents/school/summer20/devops/uno/server/uno.go:209.30,210.25 1 1
_/home/gsw/Documents/school/summer20/devops/uno/server/uno.go:215.2,215.11 1 1
_/home/gsw/Documents/school/summer20/devops/uno/server/uno.go:210.25,211.37 1 0
_/home/gsw/Documents/school/summer20/devops/uno/server/uno.go:211.37,213.4 1 0
_/home/gsw/Documents/school/summer20/devops/uno/server/main.go:10.13,34.2 10 0
