mode: set
_/home/gsw/Documents/school/summer20/devops/uno/server/routeHandlers.go:17.32,24.2 6 1
_/home/gsw/Documents/school/summer20/devops/uno/server/routeHandlers.go:26.36,29.2 2 1
_/home/gsw/Documents/school/summer20/devops/uno/server/routeHandlers.go:31.34,34.2 2 0
_/home/gsw/Documents/school/summer20/devops/uno/server/routeHandlers.go:36.38,39.2 2 0
_/home/gsw/Documents/school/summer20/devops/uno/server/routeHandlers.go:41.35,44.2 2 0
_/home/gsw/Documents/school/summer20/devops/uno/server/routeHandlers.go:46.33,51.2 4 0
_/home/gsw/Documents/school/summer20/devops/uno/server/routeHandlers.go:53.33,56.2 2 0
_/home/gsw/Documents/school/summer20/devops/uno/server/routeHandlers.go:58.55,60.11 2 0
_/home/gsw/Documents/school/summer20/devops/uno/server/routeHandlers.go:65.2,65.51 1 0
_/home/gsw/Documents/school/summer20/devops/uno/server/routeHandlers.go:60.11,62.3 1 0
_/home/gsw/Documents/school/summer20/devops/uno/server/routeHandlers.go:62.8,64.3 1 0
_/home/gsw/Documents/school/summer20/devops/uno/server/uno.go:19.58,24.16 3 0
_/home/gsw/Documents/school/summer20/devops/uno/server/uno.go:29.2,29.15 1 0
_/home/gsw/Documents/school/summer20/devops/uno/server/uno.go:24.16,26.3 1 0
_/home/gsw/Documents/school/summer20/devops/uno/server/uno.go:35.30,36.11 1 0
_/home/gsw/Documents/school/summer20/devops/uno/server/uno.go:46.2,46.11 1 0
_/home/gsw/Documents/school/summer20/devops/uno/server/uno.go:37.9,38.15 1 0
_/home/gsw/Documents/school/summer20/devops/uno/server/uno.go:39.9,40.16 1 0
_/home/gsw/Documents/school/summer20/devops/uno/server/uno.go:41.9,42.17 1 0
_/home/gsw/Documents/school/summer20/devops/uno/server/uno.go:43.9,44.18 1 0
_/home/gsw/Documents/school/summer20/devops/uno/server/uno.go:64.29,66.2 1 0
_/home/gsw/Documents/school/summer20/devops/uno/server/uno.go:68.53,80.2 8 1
_/home/gsw/Documents/school/summer20/devops/uno/server/uno.go:82.30,84.2 1 0
_/home/gsw/Documents/school/summer20/devops/uno/server/uno.go:86.53,87.27 1 0
_/home/gsw/Documents/school/summer20/devops/uno/server/uno.go:92.2,92.18 1 0
_/home/gsw/Documents/school/summer20/devops/uno/server/uno.go:87.27,88.18 1 0
_/home/gsw/Documents/school/summer20/devops/uno/server/uno.go:88.18,90.4 1 0
_/home/gsw/Documents/school/summer20/devops/uno/server/uno.go:98.52,100.53 2 0
_/home/gsw/Documents/school/summer20/devops/uno/server/uno.go:103.2,103.14 1 0
_/home/gsw/Documents/school/summer20/devops/uno/server/uno.go:100.53,102.3 1 0
_/home/gsw/Documents/school/summer20/devops/uno/server/uno.go:106.29,122.2 2 1
_/home/gsw/Documents/school/summer20/devops/uno/server/uno.go:124.50,125.19 1 0
_/home/gsw/Documents/school/summer20/devops/uno/server/uno.go:148.2,148.14 1 0
_/home/gsw/Documents/school/summer20/devops/uno/server/uno.go:125.19,142.50 2 0
_/home/gsw/Documents/school/summer20/devops/uno/server/uno.go:146.3,146.14 1 0
_/home/gsw/Documents/school/summer20/devops/uno/server/uno.go:142.50,145.4 2 0
_/home/gsw/Documents/school/summer20/devops/uno/server/uno.go:151.61,152.45 1 0
_/home/gsw/Documents/school/summer20/devops/uno/server/uno.go:169.2,169.14 1 0
_/home/gsw/Documents/school/summer20/devops/uno/server/uno.go:152.45,154.75 2 0
_/home/gsw/Documents/school/summer20/devops/uno/server/uno.go:167.3,167.14 1 0
_/home/gsw/Documents/school/summer20/devops/uno/server/uno.go:154.75,160.35 4 0
_/home/gsw/Documents/school/summer20/devops/uno/server/uno.go:160.35,161.28 1 0
_/home/gsw/Documents/school/summer20/devops/uno/server/uno.go:161.28,163.11 2 0
_/home/gsw/Documents/school/summer20/devops/uno/server/uno.go:173.50,174.45 1 0
_/home/gsw/Documents/school/summer20/devops/uno/server/uno.go:180.2,180.14 1 0
_/home/gsw/Documents/school/summer20/devops/uno/server/uno.go:174.45,179.3 4 0
_/home/gsw/Documents/school/summer20/devops/uno/server/uno.go:184.18,190.25 3 0
_/home/gsw/Documents/school/summer20/devops/uno/server/uno.go:198.2,198.28 1 0
_/home/gsw/Documents/school/summer20/devops/uno/server/uno.go:190.25,192.26 2 0
_/home/gsw/Documents/school/summer20/devops/uno/server/uno.go:195.3,195.31 1 0
_/home/gsw/Documents/school/summer20/devops/uno/server/uno.go:192.26,194.4 1 0
_/home/gsw/Documents/school/summer20/devops/uno/server/uno.go:202.30,203.25 1 1
_/home/gsw/Documents/school/summer20/devops/uno/server/uno.go:208.2,208.11 1 1
_/home/gsw/Documents/school/summer20/devops/uno/server/uno.go:203.25,204.37 1 0
_/home/gsw/Documents/school/summer20/devops/uno/server/uno.go:204.37,206.4 1 0
_/home/gsw/Documents/school/summer20/devops/uno/server/deckUtils.go:19.30,21.2 1 0
_/home/gsw/Documents/school/summer20/devops/uno/server/deckUtils.go:25.34,26.29 1 0
_/home/gsw/Documents/school/summer20/devops/uno/server/deckUtils.go:26.29,28.3 1 0
_/home/gsw/Documents/school/summer20/devops/uno/server/deckUtils.go:35.66,60.2 4 1
_/home/gsw/Documents/school/summer20/devops/uno/server/deckUtils.go:64.42,66.38 2 1
_/home/gsw/Documents/school/summer20/devops/uno/server/deckUtils.go:67.2,67.10 1 1
_/home/gsw/Documents/school/summer20/devops/uno/server/deckUtils.go:66.38,66.65 1 1
_/home/gsw/Documents/school/summer20/devops/uno/server/deckUtils.go:74.39,77.51 3 1
_/home/gsw/Documents/school/summer20/devops/uno/server/deckUtils.go:85.2,85.47 1 1
_/home/gsw/Documents/school/summer20/devops/uno/server/deckUtils.go:91.2,91.27 1 1
_/home/gsw/Documents/school/summer20/devops/uno/server/deckUtils.go:77.51,78.30 1 1
_/home/gsw/Documents/school/summer20/devops/uno/server/deckUtils.go:78.30,79.33 1 1
_/home/gsw/Documents/school/summer20/devops/uno/server/deckUtils.go:79.33,81.5 1 1
_/home/gsw/Documents/school/summer20/devops/uno/server/deckUtils.go:85.47,86.30 1 1
_/home/gsw/Documents/school/summer20/devops/uno/server/deckUtils.go:86.30,88.4 1 1
_/home/gsw/Documents/school/summer20/devops/uno/server/main.go:10.13,34.2 10 0
